2017-10-19T15:47:38+00:00 CRITICAL Uncaught Error: Call to undefined function storefront_is_woocommerce_activated() in /app/public/wp-content/themes/storefront-cph/functions.php:3
Stack trace:
#0 /app/public/wp-settings.php(422): include()
#1 /app/public/wp-config.php(81): require_once('/app/public/wp-...')
#2 /app/public/wp-load.php(37): require_once('/app/public/wp-...')
#3 /app/public/wp-blog-header.php(13): require_once('/app/public/wp-...')
#4 /app/public/index.php(17): require('/app/public/wp-...')
#5 {main}
  thrown

2017-10-19T15:59:03+00:00 CRITICAL Uncaught Error: Call to a member function get_attributes() on unknown in /app/public/wp-content/themes/storefront-cph/functions.php:31
Stack trace:
#0 /app/public/wp-includes/class-wp-hook.php(298): {closure}('')
#1 /app/public/wp-includes/class-wp-hook.php(323): WP_Hook->apply_filters(NULL, Array)
#2 /app/public/wp-includes/plugin.php(453): WP_Hook->do_action(Array)
#3 /app/public/wp-content/themes/storefront-cph/content-product.php(60): do_action('woocommerce_aft...')
#4 /app/public/wp-includes/template.php(690): require('/app/public/wp-...')
#5 /app/public/wp-content/plugins/woocommerce/includes/wc-core-functions.php(179): load_template('/app/public/wp-...', false)
#6 /app/public/wp-content/themes/storefront-cph/archive-product.php(67): wc_get_template_part('content', 'product')
#7 /app/public/wp-includes/template-loader.php(74): include('/app/public/wp-...')
#8 /app/public/wp-blog-header.php(19): require_once('/app/public/wp-...')
#9 /app/public/index.php(17): require('/app/public/wp-...')
#10 {main}
  th

2017-10-19T16:29:06+00:00 CRITICAL Uncaught Error: Call to undefined function str_to_time() in /app/public/wp-content/themes/storefront-cph/content-product.php:33
Stack trace:
#0 /app/public/wp-includes/template.php(690): require()
#1 /app/public/wp-content/plugins/woocommerce/includes/wc-core-functions.php(179): load_template('/app/public/wp-...', false)
#2 /app/public/wp-content/plugins/woocommerce/templates/archive-product.php(84): wc_get_template_part('content', 'product')
#3 /app/public/wp-includes/template-loader.php(74): include('/app/public/wp-...')
#4 /app/public/wp-blog-header.php(19): require_once('/app/public/wp-...')
#5 /app/public/index.php(17): require('/app/public/wp-...')
#6 {main}
  thrown

2017-10-19T18:59:13+00:00 CRITICAL Uncaught Error: Call to a member function get_id() on unknown in /app/public/wp-content/themes/storefront-cph/functions.php:65
Stack trace:
#0 /app/public/wp-includes/class-wp-hook.php(298): {closure}('')
#1 /app/public/wp-includes/class-wp-hook.php(323): WP_Hook->apply_filters(NULL, Array)
#2 /app/public/wp-includes/plugin.php(453): WP_Hook->do_action(Array)
#3 /app/public/wp-content/themes/storefront-cph/content-product.php(71): do_action('woocommerce_aft...')
#4 /app/public/wp-includes/template.php(690): require('/app/public/wp-...')
#5 /app/public/wp-content/plugins/woocommerce/includes/wc-core-functions.php(179): load_template('/app/public/wp-...', false)
#6 /app/public/wp-content/plugins/woocommerce/templates/archive-product.php(84): wc_get_template_part('content', 'product')
#7 /app/public/wp-includes/template-loader.php(74): include('/app/public/wp-...')
#8 /app/public/wp-blog-header.php(19): require_once('/app/public/wp-...')
#9 /app/public/index.php(17): require('/app/public/wp-...')
#10 {main}
  th

2017-10-20T09:39:56+00:00 CRITICAL Uncaught Error: Call to undefined method WC_Product_Simple::get_available_variations() in /app/public/wp-content/themes/storefront-cph/functions.php:80
Stack trace:
#0 /app/public/wp-includes/class-wp-hook.php(298): {closure}('')
#1 /app/public/wp-includes/class-wp-hook.php(323): WP_Hook->apply_filters(NULL, Array)
#2 /app/public/wp-includes/plugin.php(453): WP_Hook->do_action(Array)
#3 /app/public/wp-content/themes/storefront-cph/content-product.php(71): do_action('woocommerce_aft...')
#4 /app/public/wp-includes/template.php(690): require('/app/public/wp-...')
#5 /app/public/wp-content/plugins/woocommerce/includes/wc-core-functions.php(179): load_template('/app/public/wp-...', false)
#6 /app/public/wp-content/plugins/woocommerce/templates/archive-product.php(84): wc_get_template_part('content', 'product')
#7 /app/public/wp-includes/template-loader.php(74): include('/app/public/wp-...')
#8 /app/public/wp-blog-header.php(19): require_once('/app/public/wp-...')
#9 /app/public/index.php(17): require('/app/public

2017-10-20T10:47:20+00:00 CRITICAL Uncaught Error: Call to a member function get_variation_attributes() on array in /app/public/wp-content/themes/storefront-cph/functions.php:84
Stack trace:
#0 /app/public/wp-includes/class-wp-hook.php(298): {closure}('')
#1 /app/public/wp-includes/class-wp-hook.php(323): WP_Hook->apply_filters(NULL, Array)
#2 /app/public/wp-includes/plugin.php(453): WP_Hook->do_action(Array)
#3 /app/public/wp-content/themes/storefront-cph/content-product.php(71): do_action('woocommerce_aft...')
#4 /app/public/wp-includes/template.php(690): require('/app/public/wp-...')
#5 /app/public/wp-content/plugins/woocommerce/includes/wc-core-functions.php(179): load_template('/app/public/wp-...', false)
#6 /app/public/wp-content/plugins/woocommerce/templates/archive-product.php(84): wc_get_template_part('content', 'product')
#7 /app/public/wp-includes/template-loader.php(74): include('/app/public/wp-...')
#8 /app/public/wp-blog-header.php(19): require_once('/app/public/wp-...')
#9 /app/public/index.php(17): require('/app/public/wp-...')

2017-10-20T10:47:44+00:00 CRITICAL Uncaught Error: Call to a member function get_attributes() on array in /app/public/wp-content/themes/storefront-cph/functions.php:84
Stack trace:
#0 /app/public/wp-includes/class-wp-hook.php(298): {closure}('')
#1 /app/public/wp-includes/class-wp-hook.php(323): WP_Hook->apply_filters(NULL, Array)
#2 /app/public/wp-includes/plugin.php(453): WP_Hook->do_action(Array)
#3 /app/public/wp-content/themes/storefront-cph/content-product.php(71): do_action('woocommerce_aft...')
#4 /app/public/wp-includes/template.php(690): require('/app/public/wp-...')
#5 /app/public/wp-content/plugins/woocommerce/includes/wc-core-functions.php(179): load_template('/app/public/wp-...', false)
#6 /app/public/wp-content/plugins/woocommerce/templates/archive-product.php(84): wc_get_template_part('content', 'product')
#7 /app/public/wp-includes/template-loader.php(74): include('/app/public/wp-...')
#8 /app/public/wp-blog-header.php(19): require_once('/app/public/wp-...')
#9 /app/public/index.php(17): require('/app/public/wp-...')
#10 {main

2017-10-20T11:04:00+00:00 CRITICAL Uncaught Error: Call to a member function get_attributes() on array in /app/public/wp-content/themes/storefront-cph/functions.php:87
Stack trace:
#0 /app/public/wp-includes/class-wp-hook.php(298): {closure}('')
#1 /app/public/wp-includes/class-wp-hook.php(323): WP_Hook->apply_filters(NULL, Array)
#2 /app/public/wp-includes/plugin.php(453): WP_Hook->do_action(Array)
#3 /app/public/wp-content/themes/storefront-cph/content-product.php(71): do_action('woocommerce_aft...')
#4 /app/public/wp-includes/template.php(690): require('/app/public/wp-...')
#5 /app/public/wp-content/plugins/woocommerce/includes/wc-core-functions.php(179): load_template('/app/public/wp-...', false)
#6 /app/public/wp-content/plugins/woocommerce/templates/archive-product.php(84): wc_get_template_part('content', 'product')
#7 /app/public/wp-includes/template-loader.php(74): include('/app/public/wp-...')
#8 /app/public/wp-blog-header.php(19): require_once('/app/public/wp-...')
#9 /app/public/index.php(17): require('/app/public/wp-...')
#10 {main

2017-10-20T11:04:09+00:00 CRITICAL Uncaught Error: Call to a member function get_variation_attributes() on array in /app/public/wp-content/themes/storefront-cph/functions.php:87
Stack trace:
#0 /app/public/wp-includes/class-wp-hook.php(298): {closure}('')
#1 /app/public/wp-includes/class-wp-hook.php(323): WP_Hook->apply_filters(NULL, Array)
#2 /app/public/wp-includes/plugin.php(453): WP_Hook->do_action(Array)
#3 /app/public/wp-content/themes/storefront-cph/content-product.php(71): do_action('woocommerce_aft...')
#4 /app/public/wp-includes/template.php(690): require('/app/public/wp-...')
#5 /app/public/wp-content/plugins/woocommerce/includes/wc-core-functions.php(179): load_template('/app/public/wp-...', false)
#6 /app/public/wp-content/plugins/woocommerce/templates/archive-product.php(84): wc_get_template_part('content', 'product')
#7 /app/public/wp-includes/template-loader.php(74): include('/app/public/wp-...')
#8 /app/public/wp-blog-header.php(19): require_once('/app/public/wp-...')
#9 /app/public/index.php(17): require('/app/public/wp-...')

2017-10-22T13:25:35+00:00 CRITICAL Uncaught Error: Call to a member function get_cart() on null in /app/public/wp-content/themes/storefront-cph/event-list-quantity-picker.php:9
Stack trace:
#0 /app/public/wp-content/themes/storefront-cph/event-list-quantity-picker.php(44): product_in_cart(Object(WC_Product_Variable), NULL)
#1 /app/public/wp-includes/class-wp-hook.php(298): cph_event_list_quantity_picker('')
#2 /app/public/wp-includes/class-wp-hook.php(323): WP_Hook->apply_filters(NULL, Array)
#3 /app/public/wp-includes/plugin.php(453): WP_Hook->do_action(Array)
#4 /app/public/wp-content/themes/storefront-cph/content-product.php(71): do_action('woocommerce_aft...')
#5 /app/public/wp-includes/template.php(690): require('/app/public/wp-...')
#6 /app/public/wp-content/plugins/woocommerce/includes/wc-core-functions.php(179): load_template('/app/public/wp-...', false)
#7 /app/public/wp-content/plugins/woocommerce/templates/archive-product.php(84): wc_get_template_part('content', 'product')
#8 /app/public/wp-includes/template-loader.php(74): include(

2017-10-22T13:26:03+00:00 CRITICAL Uncaught Error: Call to a member function get_cart() on null in /app/public/wp-content/themes/storefront-cph/event-list-quantity-picker.php:9
Stack trace:
#0 /app/public/wp-content/themes/storefront-cph/event-list-quantity-picker.php(42): product_in_cart(Object(WC_Product_Variable), 110)
#1 /app/public/wp-includes/class-wp-hook.php(298): cph_event_list_quantity_picker('')
#2 /app/public/wp-includes/class-wp-hook.php(323): WP_Hook->apply_filters(NULL, Array)
#3 /app/public/wp-includes/plugin.php(453): WP_Hook->do_action(Array)
#4 /app/public/wp-content/themes/storefront-cph/content-product.php(71): do_action('woocommerce_aft...')
#5 /app/public/wp-includes/template.php(690): require('/app/public/wp-...')
#6 /app/public/wp-content/plugins/woocommerce/includes/wc-core-functions.php(179): load_template('/app/public/wp-...', false)
#7 /app/public/wp-content/plugins/woocommerce/templates/archive-product.php(84): wc_get_template_part('content', 'product')
#8 /app/public/wp-includes/template-loader.php(74): include('

2017-10-22T14:58:06+00:00 CRITICAL Uncaught Error: Using $this when not in object context in /app/public/wp-content/themes/storefront-cph/event-list-quantity-picker.php:125
Stack trace:
#0 /app/public/wp-includes/class-wp-hook.php(298): cph_variable_add_to_cart_callback('')
#1 /app/public/wp-includes/class-wp-hook.php(323): WP_Hook->apply_filters('', Array)
#2 /app/public/wp-includes/plugin.php(453): WP_Hook->do_action(Array)
#3 /app/public/wp-admin/admin-ajax.php(91): do_action('wp_ajax_cph_var...')
#4 {main}
  thrown

2017-10-22T15:01:45+00:00 CRITICAL Uncaught Error: Call to undefined function get_refreshed_fragments() in /app/public/wp-content/themes/storefront-cph/event-list-quantity-picker.php:125
Stack trace:
#0 /app/public/wp-includes/class-wp-hook.php(298): cph_variable_add_to_cart_callback('')
#1 /app/public/wp-includes/class-wp-hook.php(323): WP_Hook->apply_filters('', Array)
#2 /app/public/wp-includes/plugin.php(453): WP_Hook->do_action(Array)
#3 /app/public/wp-admin/admin-ajax.php(91): do_action('wp_ajax_cph_var...')
#4 {main}
  thrown

